<?xml version="1.0" encoding="UTF-8"?>
<testng-results skipped="0" failed="1" ignored="0" total="2" passed="1">
  <reporter-output>
  </reporter-output>
  <suite name="Default suite" duration-ms="223481" started-at="2023-01-19T17:04:46 IST" finished-at="2023-01-19T17:08:30 IST">
    <groups>
    </groups>
    <test name="Default test" duration-ms="223481" started-at="2023-01-19T17:04:46 IST" finished-at="2023-01-19T17:08:30 IST">
      <class name="RequestSpecBuilder_Implementation.SpecBuilder">
        <test-method status="PASS" signature="beforeSuite()[pri:0, instance:RequestSpecBuilder_Implementation.SpecBuilder@544fa968]" name="beforeSuite" is-config="true" duration-ms="1706" started-at="2023-01-19T17:04:45 IST" finished-at="2023-01-19T17:04:46 IST">
          <reporter-output>
          </reporter-output>
        </test-method> <!-- beforeSuite -->
        <test-method status="PASS" signature="tc_1()[pri:0, instance:RequestSpecBuilder_Implementation.SpecBuilder@544fa968]" name="tc_1" duration-ms="182491" started-at="2023-01-19T17:04:47 IST" finished-at="2023-01-19T17:07:49 IST">
          <reporter-output>
          </reporter-output>
        </test-method> <!-- tc_1 -->
        <test-method status="FAIL" signature="tc_2()[pri:0, instance:RequestSpecBuilder_Implementation.SpecBuilder@544fa968]" name="tc_2" duration-ms="40822" started-at="2023-01-19T17:07:49 IST" finished-at="2023-01-19T17:08:30 IST">
          <exception class="java.lang.NullPointerException">
            <full-stacktrace>
              <![CDATA[java.lang.NullPointerException
at BaseTest.BaseClass.getTestData(BaseClass.java:55)
at RequestSpecBuilder_Implementation.SpecBuilder.tc_2(SpecBuilder.java:85)
at sun.reflect.NativeMethodAccessorImpl.invoke0(Native Method)
at sun.reflect.NativeMethodAccessorImpl.invoke(NativeMethodAccessorImpl.java:62)
at sun.reflect.DelegatingMethodAccessorImpl.invoke(DelegatingMethodAccessorImpl.java:43)
at java.lang.reflect.Method.invoke(Method.java:498)
at org.testng.internal.MethodInvocationHelper.invokeMethod(MethodInvocationHelper.java:134)
at org.testng.internal.TestInvoker.invokeMethod(TestInvoker.java:597)
at org.testng.internal.TestInvoker.invokeTestMethod(TestInvoker.java:173)
at org.testng.internal.MethodRunner.runInSequence(MethodRunner.java:46)
at org.testng.internal.TestInvoker$MethodInvocationAgent.invoke(TestInvoker.java:816)
at org.testng.internal.TestInvoker.invokeTestMethods(TestInvoker.java:146)
at org.testng.internal.TestMethodWorker.invokeTestMethods(TestMethodWorker.java:146)
at org.testng.internal.TestMethodWorker.run(TestMethodWorker.java:128)
at java.util.ArrayList.forEach(ArrayList.java:1257)
at org.testng.TestRunner.privateRun(TestRunner.java:766)
at org.testng.TestRunner.run(TestRunner.java:587)
at org.testng.SuiteRunner.runTest(SuiteRunner.java:384)
at org.testng.SuiteRunner.runSequentially(SuiteRunner.java:378)
at org.testng.SuiteRunner.privateRun(SuiteRunner.java:337)
at org.testng.SuiteRunner.run(SuiteRunner.java:286)
at org.testng.SuiteRunnerWorker.runSuite(SuiteRunnerWorker.java:53)
at org.testng.SuiteRunnerWorker.run(SuiteRunnerWorker.java:96)
at org.testng.TestNG.runSuitesSequentially(TestNG.java:1187)
at org.testng.TestNG.runSuitesLocally(TestNG.java:1109)
at org.testng.TestNG.runSuites(TestNG.java:1039)
at org.testng.TestNG.run(TestNG.java:1007)
at org.testng.remote.AbstractRemoteTestNG.run(AbstractRemoteTestNG.java:115)
at org.testng.remote.RemoteTestNG.initAndRun(RemoteTestNG.java:251)
at org.testng.remote.RemoteTestNG.main(RemoteTestNG.java:77)
]]>
            </full-stacktrace>
          </exception> <!-- java.lang.NullPointerException -->
          <reporter-output>
          </reporter-output>
        </test-method> <!-- tc_2 -->
      </class> <!-- RequestSpecBuilder_Implementation.SpecBuilder -->
    </test> <!-- Default test -->
  </suite> <!-- Default suite -->
</testng-results>
